<?xml version="1.0" encoding="UTF-8" ?>
<testsuite 
errors="0" failures="0" hostname="stpl-Latitude-7490" name="org.scalatest.tools.DiscoverySuite" tests="0" time="0.02" timestamp="2022-09-09T12:52:30">
  <properties>
    <property name="java.runtime.name" value="OpenJDK Runtime Environment"/>
    <property 
    name="java.vm.version" value="11.0.16+8-post-Ubuntu-0ubuntu122.04">
</property>
    <property 
    name="sun.boot.library.path" value="/usr/lib/jvm/java-11-openjdk-amd64/lib">
</property>
    <property name="java.vm.vendor" value="Ubuntu"/>
    <property name="java.vendor.url" value="https://ubuntu.com/"/>
    <property name="path.separator" value=":"/>
    <property name="java.vm.name" value="OpenJDK 64-Bit Server VM"/>
    <property name="sun.os.patch.level" value="unknown"/>
    <property name="user.country" value="IN"/>
    <property name="sun.java.launcher" value="SUN_STANDARD"/>
    <property 
    name="java.vm.specification.name" value="Java Virtual Machine Specification">
</property>
    <property name="user.dir" value="/home/stpl/Downloads/content-api-main"/>
    <property name="java.vm.compressedOopsMode" value="Zero based"/>
    <property 
    name="java.runtime.version" value="11.0.16+8-post-Ubuntu-0ubuntu122.04">
</property>
    <property 
    name="java.awt.graphicsenv" value="sun.awt.X11GraphicsEnvironment">
</property>
    <property name="basedir" value="/home/stpl/Downloads/content-api-main"/>
    <property name="os.arch" value="amd64"/>
    <property name="java.io.tmpdir" value="/tmp"/>
    <property name="line.separator" value=" "/>
    <property name="java.vm.specification.vendor" value="Oracle Corporation"/>
    <property name="os.name" value="Linux"/>
    <property name="sun.jnu.encoding" value="UTF-8"/>
    <property 
    name="java.library.path" value="/usr/java/packages/lib:/usr/lib/x86_64-linux-gnu/jni:/lib/x86_64-linux-gnu:/usr/lib/x86_64-linux-gnu:/usr/lib/jni:/lib:/usr/lib">
</property>
    <property name="jdk.debug" value="release"/>
    <property name="java.class.version" value="55.0"/>
    <property 
    name="java.specification.name" value="Java Platform API Specification">
</property>
    <property 
    name="sun.management.compiler" value="HotSpot 64-Bit Tiered Compilers">
</property>
    <property name="os.version" value="5.15.0-47-generic"/>
    <property name="user.home" value="/home/stpl"/>
    <property name="user.timezone" value=""/>
    <property name="java.awt.printerjob" value="sun.print.PSPrinterJob"/>
    <property name="file.encoding" value="UTF-8"/>
    <property name="java.specification.version" value="11"/>
    <property name="user.name" value="stpl"/>
    <property 
    name="java.class.path" value="/home/stpl/Downloads/content-api-main/target/test-classes:/home/stpl/Downloads/content-api-main/target/classes:/home/stpl/.m2/repository/com/google/guava/guava/19.0/guava-19.0.jar:/home/stpl/.m2/repository/com/google/inject/guice/4.0/guice-4.0.jar:/home/stpl/.m2/repository/javax/inject/javax.inject/1/javax.inject-1.jar:/home/stpl/.m2/repository/aopalliance/aopalliance/1.0/aopalliance-1.0.jar:/home/stpl/.m2/repository/com/google/inject/extensions/guice-assistedinject/4.0/guice-assistedinject-4.0.jar:/home/stpl/.m2/repository/com/typesafe/play/play_2.12/2.7.2/play_2.12-2.7.2.jar:/home/stpl/.m2/repository/com/typesafe/play/build-link/2.7.2/build-link-2.7.2.jar:/home/stpl/.m2/repository/com/typesafe/play/play-exceptions/2.7.2/play-exceptions-2.7.2.jar:/home/stpl/.m2/repository/com/typesafe/play/play-streams_2.12/2.7.2/play-streams_2.12-2.7.2.jar:/home/stpl/.m2/repository/org/reactivestreams/reactive-streams/1.0.2/reactive-streams-1.0.2.jar:/home/stpl/.m2/repository/com/typesafe/akka/akka-stream_2.12/2.5.22/akka-stream_2.12-2.5.22.jar:/home/stpl/.m2/repository/com/typesafe/akka/akka-protobuf_2.12/2.5.22/akka-protobuf_2.12-2.5.22.jar:/home/stpl/.m2/repository/com/typesafe/play/twirl-api_2.12/1.4.0/twirl-api_2.12-1.4.0.jar:/home/stpl/.m2/repository/org/slf4j/slf4j-api/1.7.26/slf4j-api-1.7.26.jar:/home/stpl/.m2/repository/org/slf4j/jul-to-slf4j/1.7.26/jul-to-slf4j-1.7.26.jar:/home/stpl/.m2/repository/org/slf4j/jcl-over-slf4j/1.7.26/jcl-over-slf4j-1.7.26.jar:/home/stpl/.m2/repository/com/typesafe/akka/akka-actor_2.12/2.5.22/akka-actor_2.12-2.5.22.jar:/home/stpl/.m2/repository/com/typesafe/config/1.3.3/config-1.3.3.jar:/home/stpl/.m2/repository/com/typesafe/akka/akka-slf4j_2.12/2.5.22/akka-slf4j_2.12-2.5.22.jar:/home/stpl/.m2/repository/com/fasterxml/jackson/core/jackson-annotations/2.9.8/jackson-annotations-2.9.8.jar:/home/stpl/.m2/repository/com/fasterxml/jackson/core/jackson-databind/2.9.8/jackson-databind-2.9.8.jar:/home/stpl/.m2/repository/com/fasterxml/jackson/datatype/jackson-datatype-jdk8/2.9.8/jackson-datatype-jdk8-2.9.8.jar:/home/stpl/.m2/repository/com/fasterxml/jackson/datatype/jackson-datatype-jsr310/2.9.8/jackson-datatype-jsr310-2.9.8.jar:/home/stpl/.m2/repository/com/typesafe/play/play-json_2.12/2.7.2/play-json_2.12-2.7.2.jar:/home/stpl/.m2/repository/com/typesafe/play/play-functional_2.12/2.7.2/play-functional_2.12-2.7.2.jar:/home/stpl/.m2/repository/org/typelevel/macro-compat_2.12/1.1.1/macro-compat_2.12-1.1.1.jar:/home/stpl/.m2/repository/joda-time/joda-time/2.10.1/joda-time-2.10.1.jar:/home/stpl/.m2/repository/io/jsonwebtoken/jjwt/0.9.1/jjwt-0.9.1.jar:/home/stpl/.m2/repository/javax/xml/bind/jaxb-api/2.3.1/jaxb-api-2.3.1.jar:/home/stpl/.m2/repository/javax/activation/javax.activation-api/1.2.0/javax.activation-api-1.2.0.jar:/home/stpl/.m2/repository/javax/transaction/jta/1.1/jta-1.1.jar:/home/stpl/.m2/repository/org/scala-lang/scala-reflect/2.12.8/scala-reflect-2.12.8.jar:/home/stpl/.m2/repository/org/scala-lang/modules/scala-java8-compat_2.12/0.9.0/scala-java8-compat_2.12-0.9.0.jar:/home/stpl/.m2/repository/com/typesafe/ssl-config-core_2.12/0.3.7/ssl-config-core_2.12-0.3.7.jar:/home/stpl/.m2/repository/org/scala-lang/modules/scala-parser-combinators_2.12/1.1.1/scala-parser-combinators_2.12-1.1.1.jar:/home/stpl/.m2/repository/com/typesafe/play/play-guice_2.12/2.7.2/play-guice_2.12-2.7.2.jar:/home/stpl/.m2/repository/org/scalatest/scalatest_2.12/3.0.8/scalatest_2.12-3.0.8.jar:/home/stpl/.m2/repository/org/scalactic/scalactic_2.12/3.0.8/scalactic_2.12-3.0.8.jar:/home/stpl/.m2/repository/org/scala-lang/modules/scala-xml_2.12/1.2.0/scala-xml_2.12-1.2.0.jar:/home/stpl/.m2/repository/com/typesafe/play/filters-helpers_2.12/2.7.2/filters-helpers_2.12-2.7.2.jar:/home/stpl/.m2/repository/com/typesafe/play/play-logback_2.12/2.7.2/play-logback_2.12-2.7.2.jar:/home/stpl/.m2/repository/ch/qos/logback/logback-classic/1.2.3/logback-classic-1.2.3.jar:/home/stpl/.m2/repository/ch/qos/logback/logback-core/1.2.3/logback-core-1.2.3.jar:/home/stpl/.m2/repository/com/typesafe/play/play-netty-server_2.12/2.7.2/play-netty-server_2.12-2.7.2.jar:/home/stpl/.m2/repository/com/typesafe/play/play-server_2.12/2.7.2/play-server_2.12-2.7.2.jar:/home/stpl/.m2/repository/com/typesafe/netty/netty-reactive-streams-http/2.0.3/netty-reactive-streams-http-2.0.3.jar:/home/stpl/.m2/repository/com/typesafe/netty/netty-reactive-streams/2.0.3/netty-reactive-streams-2.0.3.jar:/home/stpl/.m2/repository/io/netty/netty-codec-http/4.1.34.Final/netty-codec-http-4.1.34.Final.jar:/home/stpl/.m2/repository/io/netty/netty-transport-native-epoll/4.1.34.Final/netty-transport-native-epoll-4.1.34.Final-linux-x86_64.jar:/home/stpl/.m2/repository/io/netty/netty-common/4.1.34.Final/netty-common-4.1.34.Final.jar:/home/stpl/.m2/repository/io/netty/netty-transport-native-unix-common/4.1.34.Final/netty-transport-native-unix-common-4.1.34.Final.jar:/home/stpl/.m2/repository/com/datastax/cassandra/cassandra-driver-core/3.4.0/cassandra-driver-core-3.4.0.jar:/home/stpl/.m2/repository/io/dropwizard/metrics/metrics-core/3.2.2/metrics-core-3.2.2.jar:/home/stpl/.m2/repository/com/github/jnr/jnr-ffi/2.0.7/jnr-ffi-2.0.7.jar:/home/stpl/.m2/repository/com/github/jnr/jffi/1.2.10/jffi-1.2.10.jar:/home/stpl/.m2/repository/com/github/jnr/jffi/1.2.10/jffi-1.2.10-native.jar:/home/stpl/.m2/repository/org/ow2/asm/asm/5.0.3/asm-5.0.3.jar:/home/stpl/.m2/repository/org/ow2/asm/asm-commons/5.0.3/asm-commons-5.0.3.jar:/home/stpl/.m2/repository/org/ow2/asm/asm-analysis/5.0.3/asm-analysis-5.0.3.jar:/home/stpl/.m2/repository/org/ow2/asm/asm-tree/5.0.3/asm-tree-5.0.3.jar:/home/stpl/.m2/repository/org/ow2/asm/asm-util/5.0.3/asm-util-5.0.3.jar:/home/stpl/.m2/repository/com/github/jnr/jnr-x86asm/1.0.2/jnr-x86asm-1.0.2.jar:/home/stpl/.m2/repository/com/github/jnr/jnr-posix/3.0.27/jnr-posix-3.0.27.jar:/home/stpl/.m2/repository/com/github/jnr/jnr-constants/0.9.0/jnr-constants-0.9.0.jar:/home/stpl/.m2/repository/io/netty/netty-handler/4.1.30.Final/netty-handler-4.1.30.Final.jar:/home/stpl/.m2/repository/io/netty/netty-buffer/4.1.30.Final/netty-buffer-4.1.30.Final.jar:/home/stpl/.m2/repository/io/netty/netty-transport/4.1.30.Final/netty-transport-4.1.30.Final.jar:/home/stpl/.m2/repository/io/netty/netty-resolver/4.1.30.Final/netty-resolver-4.1.30.Final.jar:/home/stpl/.m2/repository/io/netty/netty-codec/4.1.30.Final/netty-codec-4.1.30.Final.jar:/home/stpl/.m2/repository/com/fasterxml/jackson/module/jackson-module-scala_2.12/2.9.8/jackson-module-scala_2.12-2.9.8.jar:/home/stpl/.m2/repository/com/fasterxml/jackson/module/jackson-module-paranamer/2.9.8/jackson-module-paranamer-2.9.8.jar:/home/stpl/.m2/repository/com/thoughtworks/paranamer/paranamer/2.8/paranamer-2.8.jar:/home/stpl/.m2/repository/com/fasterxml/jackson/core/jackson-core/2.9.8/jackson-core-2.9.8.jar:/home/stpl/.m2/repository/org/scala-lang/scala-library/2.12.6/scala-library-2.12.6.jar:/home/stpl/.m2/repository/com/typesafe/play/play-specs2_2.12/2.7.2/play-specs2_2.12-2.7.2.jar:/home/stpl/.m2/repository/com/typesafe/play/play-test_2.12/2.7.2/play-test_2.12-2.7.2.jar:/home/stpl/.m2/repository/com/typesafe/play/play-akka-http-server_2.12/2.7.2/play-akka-http-server_2.12-2.7.2.jar:/home/stpl/.m2/repository/com/typesafe/akka/akka-http-core_2.12/10.1.8/akka-http-core_2.12-10.1.8.jar:/home/stpl/.m2/repository/com/typesafe/akka/akka-parsing_2.12/10.1.8/akka-parsing_2.12-10.1.8.jar:/home/stpl/.m2/repository/junit/junit/4.12/junit-4.12.jar:/home/stpl/.m2/repository/com/novocode/junit-interface/0.11/junit-interface-0.11.jar:/home/stpl/.m2/repository/com/google/code/findbugs/jsr305/3.0.2/jsr305-3.0.2.jar:/home/stpl/.m2/repository/org/fluentlenium/fluentlenium-core/3.7.1/fluentlenium-core-3.7.1.jar:/home/stpl/.m2/repository/org/seleniumhq/selenium/selenium-remote-driver/3.141.59/selenium-remote-driver-3.141.59.jar:/home/stpl/.m2/repository/org/atteo/classindex/classindex/3.4/classindex-3.4.jar:/home/stpl/.m2/repository/commons-io/commons-io/2.6/commons-io-2.6.jar:/home/stpl/.m2/repository/org/apache/commons/commons-lang3/3.7/commons-lang3-3.7.jar:/home/stpl/.m2/repository/org/apache/httpcomponents/httpclient/4.5.6/httpclient-4.5.6.jar:/home/stpl/.m2/repository/org/apache/httpcomponents/httpcore/4.4.10/httpcore-4.4.10.jar:/home/stpl/.m2/repository/commons-logging/commons-logging/1.2/commons-logging-1.2.jar:/home/stpl/.m2/repository/commons-codec/commons-codec/1.10/commons-codec-1.10.jar:/home/stpl/.m2/repository/org/seleniumhq/selenium/htmlunit-driver/2.33.3/htmlunit-driver-2.33.3.jar:/home/stpl/.m2/repository/net/sourceforge/htmlunit/htmlunit/2.33/htmlunit-2.33.jar:/home/stpl/.m2/repository/xalan/xalan/2.7.2/xalan-2.7.2.jar:/home/stpl/.m2/repository/xalan/serializer/2.7.2/serializer-2.7.2.jar:/home/stpl/.m2/repository/org/apache/commons/commons-text/1.4/commons-text-1.4.jar:/home/stpl/.m2/repository/org/apache/httpcomponents/httpmime/4.5.6/httpmime-4.5.6.jar:/home/stpl/.m2/repository/net/sourceforge/htmlunit/htmlunit-core-js/2.33/htmlunit-core-js-2.33.jar:/home/stpl/.m2/repository/net/sourceforge/htmlunit/neko-htmlunit/2.33/neko-htmlunit-2.33.jar:/home/stpl/.m2/repository/xerces/xercesImpl/2.12.0/xercesImpl-2.12.0.jar:/home/stpl/.m2/repository/xml-apis/xml-apis/1.4.01/xml-apis-1.4.01.jar:/home/stpl/.m2/repository/net/sourceforge/htmlunit/htmlunit-cssparser/1.2.0/htmlunit-cssparser-1.2.0.jar:/home/stpl/.m2/repository/commons-net/commons-net/3.6/commons-net-3.6.jar:/home/stpl/.m2/repository/org/eclipse/jetty/websocket/websocket-client/9.4.12.v20180830/websocket-client-9.4.12.v20180830.jar:/home/stpl/.m2/repository/org/eclipse/jetty/jetty-client/9.4.12.v20180830/jetty-client-9.4.12.v20180830.jar:/home/stpl/.m2/repository/org/eclipse/jetty/jetty-http/9.4.12.v20180830/jetty-http-9.4.12.v20180830.jar:/home/stpl/.m2/repository/org/eclipse/jetty/jetty-xml/9.4.12.v20180830/jetty-xml-9.4.12.v20180830.jar:/home/stpl/.m2/repository/org/eclipse/jetty/jetty-util/9.4.12.v20180830/jetty-util-9.4.12.v20180830.jar:/home/stpl/.m2/repository/org/eclipse/jetty/jetty-io/9.4.12.v20180830/jetty-io-9.4.12.v20180830.jar:/home/stpl/.m2/repository/org/eclipse/jetty/websocket/websocket-common/9.4.12.v20180830/websocket-common-9.4.12.v20180830.jar:/home/stpl/.m2/repository/org/eclipse/jetty/websocket/websocket-api/9.4.12.v20180830/websocket-api-9.4.12.v20180830.jar:/home/stpl/.m2/repository/org/seleniumhq/selenium/selenium-api/3.141.59/selenium-api-3.141.59.jar:/home/stpl/.m2/repository/org/seleniumhq/selenium/selenium-support/3.141.59/selenium-support-3.141.59.jar:/home/stpl/.m2/repository/net/bytebuddy/byte-buddy/1.8.15/byte-buddy-1.8.15.jar:/home/stpl/.m2/repository/org/apache/commons/commons-exec/1.3/commons-exec-1.3.jar:/home/stpl/.m2/repository/com/squareup/okhttp3/okhttp/3.11.0/okhttp-3.11.0.jar:/home/stpl/.m2/repository/com/squareup/okio/okio/1.14.0/okio-1.14.0.jar:/home/stpl/.m2/repository/org/seleniumhq/selenium/selenium-firefox-driver/3.141.59/selenium-firefox-driver-3.141.59.jar:/home/stpl/.m2/repository/org/specs2/specs2-core_2.12/4.3.6/specs2-core_2.12-4.3.6.jar:/home/stpl/.m2/repository/org/specs2/specs2-matcher_2.12/4.3.6/specs2-matcher_2.12-4.3.6.jar:/home/stpl/.m2/repository/org/specs2/specs2-common_2.12/4.3.6/specs2-common_2.12-4.3.6.jar:/home/stpl/.m2/repository/org/specs2/specs2-fp_2.12/4.3.6/specs2-fp_2.12-4.3.6.jar:/home/stpl/.m2/repository/org/scala-sbt/test-interface/1.0/test-interface-1.0.jar:/home/stpl/.m2/repository/org/specs2/specs2-junit_2.12/4.3.6/specs2-junit_2.12-4.3.6.jar:/home/stpl/.m2/repository/org/specs2/specs2-mock_2.12/4.3.6/specs2-mock_2.12-4.3.6.jar:/home/stpl/.m2/repository/org/hamcrest/hamcrest-core/1.3/hamcrest-core-1.3.jar:/home/stpl/.m2/repository/org/mockito/mockito-core/2.23.4/mockito-core-2.23.4.jar:/home/stpl/.m2/repository/net/bytebuddy/byte-buddy-agent/1.9.3/byte-buddy-agent-1.9.3.jar:/home/stpl/.m2/repository/org/objenesis/objenesis/2.6/objenesis-2.6.jar">
</property>
    <property name="java.vm.specification.version" value="11"/>
    <property name="sun.arch.data.model" value="64"/>
    <property 
    name="sun.java.command" value="org.scalatest.tools.Runner -R /home/stpl/Downloads/content-api-main/target/classes /home/stpl/Downloads/content-api-main/target/test-classes -o -fWDF /home/stpl/Downloads/content-api-main/target/surefire-reports/TestSuite.txt -u /home/stpl/Downloads/content-api-main/target/surefire-reports/.">
</property>
    <property name="java.home" value="/usr/lib/jvm/java-11-openjdk-amd64"/>
    <property name="user.language" value="en"/>
    <property name="java.specification.vendor" value="Oracle Corporation"/>
    <property name="awt.toolkit" value="sun.awt.X11.XToolkit"/>
    <property name="java.vm.info" value="mixed mode"/>
    <property name="java.version" value="11.0.16"/>
    <property name="java.vendor" value="Ubuntu"/>
    <property name="file.separator" value="/"/>
    <property name="java.version.date" value="2022-07-19"/>
    <property 
    name="java.vendor.url.bug" value="https://bugs.launchpad.net/ubuntu/+source/openjdk-lts">
</property>
    <property name="sun.io.unicode.encoding" value="UnicodeLittle"/>
    <property name="sun.cpu.endian" value="little"/>
    <property name="sun.desktop" value="gnome"/>
    <property name="sun.cpu.isalist" value=""/>
  </properties>
  <system-out><![CDATA[]]></system-out>
  <system-err><![CDATA[]]></system-err>
</testsuite>
